0 info it worked if it ends with ok
1 verbose cli [ 'E:\\NodeJs\\NodeJs\\node.exe',
1 verbose cli   'E:\\NodeJs\\NodeJs\\node_modules\\npm\\bin\\npm-cli.js',
1 verbose cli   'run',
1 verbose cli   'dev' ]
2 info using npm@3.10.10
3 info using node@v6.10.1
4 verbose run-script [ 'predev', 'dev', 'postdev' ]
5 info lifecycle homeproject@1.0.0~predev: homeproject@1.0.0
6 silly lifecycle homeproject@1.0.0~predev: no script for predev, continuing
7 info lifecycle homeproject@1.0.0~dev: homeproject@1.0.0
8 verbose lifecycle homeproject@1.0.0~dev: unsafe-perm in lifecycle true
9 verbose lifecycle homeproject@1.0.0~dev: PATH: E:\NodeJs\NodeJs\node_modules\npm\bin\node-gyp-bin;C:\Users\Администратор\Desktop\HomeProject\AngularJs\node_modules\.bin;C:\Program Files (x86)\Google\Chrome\Application;C:\ProgramData\Oracle\Java\javapath;C:\Windows\system32;C:\Windows;C:\Windows\System32\Wbem;C:\Windows\System32\WindowsPowerShell\v1.0\;C:\Users\Администратор\.dnx\bin;C:\Program Files\Microsoft DNX\Dnvm\;C:\Program Files (x86)\NVIDIA Corporation\PhysX\Common;E:\PhpStorm\Php 7;C:\Program Files (x86)\Windows Kits\8.1\Windows Performance Toolkit\;C:\Program Files (x86)\Skype\Phone\;E:\NodeJs\NodeJs\;E:\Soft\Brackets\Release 1.11\command;E:\NodeJs\Yarn\bin;E:\react-native -g\AppBoosterProject;E:\ABC\AndroidSDK\AndroidSDK\platform-tools;E:\Education\Microsoft VS Code\bin;C:\Users\Администратор\AppData\Roaming\npm;C:\Users\Администратор\AppData\Local\atom\bin;C:\Users\Администратор\AppData\Local\Yarn\bin;E:\ABC\AndroidSDK\AndroidSDK\platform-tools
10 verbose lifecycle homeproject@1.0.0~dev: CWD: C:\Users\Администратор\Desktop\HomeProject\AngularJs
11 silly lifecycle homeproject@1.0.0~dev: Args: [ '/d /s /c', 'webpack-dev-server --mode development --open' ]
12 silly lifecycle homeproject@1.0.0~dev: Returned: code: 3221225786  signal: null
13 info lifecycle homeproject@1.0.0~dev: Failed to exec dev script
14 verbose stack Error: homeproject@1.0.0 dev: `webpack-dev-server --mode development --open`
14 verbose stack Exit status 3221225786
14 verbose stack     at EventEmitter.<anonymous> (E:\NodeJs\NodeJs\node_modules\npm\lib\utils\lifecycle.js:255:16)
14 verbose stack     at emitTwo (events.js:106:13)
14 verbose stack     at EventEmitter.emit (events.js:191:7)
14 verbose stack     at ChildProcess.<anonymous> (E:\NodeJs\NodeJs\node_modules\npm\lib\utils\spawn.js:40:14)
14 verbose stack     at emitTwo (events.js:106:13)
14 verbose stack     at ChildProcess.emit (events.js:191:7)
14 verbose stack     at maybeClose (internal/child_process.js:886:16)
14 verbose stack     at Process.ChildProcess._handle.onexit (internal/child_process.js:226:5)
15 verbose pkgid homeproject@1.0.0
16 verbose cwd C:\Users\Администратор\Desktop\HomeProject\AngularJs
17 error Windows_NT 6.1.7601
18 error argv "E:\\NodeJs\\NodeJs\\node.exe" "E:\\NodeJs\\NodeJs\\node_modules\\npm\\bin\\npm-cli.js" "run" "dev"
19 error node v6.10.1
20 error npm  v3.10.10
21 error code ELIFECYCLE
22 error homeproject@1.0.0 dev: `webpack-dev-server --mode development --open`
22 error Exit status 3221225786
23 error Failed at the homeproject@1.0.0 dev script 'webpack-dev-server --mode development --open'.
23 error Make sure you have the latest version of node.js and npm installed.
23 error If you do, this is most likely a problem with the homeproject package,
23 error not with npm itself.
23 error Tell the author that this fails on your system:
23 error     webpack-dev-server --mode development --open
23 error You can get information on how to open an issue for this project with:
23 error     npm bugs homeproject
23 error Or if that isn't available, you can get their info via:
23 error     npm owner ls homeproject
23 error There is likely additional logging output above.
24 verbose exit [ 1, true ]
